2026-02-01 14:45:37 [INFO] RUN started
sending incremental file list
./
file1.txt
file2.txt
docs/

sent 265 bytes  received 65 bytes  660.00 bytes/sec
total size is 11  speedup is 0.03
2026-02-01 14:45:37 [INFO] rsync succeeded
2026-02-01 14:45:37 [INFO] rotation: deleting old backups
2026-01-31_22-05-55
2026-02-01 14:55:44 [INFO] RUN started
sending incremental file list
./
file1.txt
file2.txt
docs/

sent 265 bytes  received 65 bytes  660.00 bytes/sec
total size is 11  speedup is 0.03
2026-02-01 14:55:44 [INFO] rsync succeeded
2026-02-01 14:55:44 [INFO] rotation: deleting old backups
2026-02-01 14:55:44 [INFO] delete: 2026-01-31_22-08-43
2026-02-01 14:58:22 [INFO] RUN started
sending incremental file list
./
file1.txt
file2.txt
docs/

sent 265 bytes  received 65 bytes  660.00 bytes/sec
total size is 11  speedup is 0.03
2026-02-01 14:58:22 [INFO] rsync succeeded
2026-02-01 14:58:22 [INFO] rotation: deleting old backups
2026-02-01 14:58:22 [INFO] delete: 2026-01-31_22-20-50
2026-02-01 21:51:09 [INFO] RUN started
2026-02-01 21:51:09 [INFO] DRY-RUN: mkdir -p /home/maliliknux/backup-lab/backups/2026-02-01_21-51-09
2026-02-01 21:51:09 [INFO] DRY-RUN: rsync -av /home/maliliknux/backup-lab/data/ /home/maliliknux/backup-lab/backups/2026-02-01_21-51-09/
2026-02-01 21:51:09 [INFO] DRY-RUN: would delete:
